[ 2016-01-10T17:56:48+08:00 ] ::1 /user/logout
INFO: [ app_init ] --START--
INFO: Run Behavior\BuildLiteBehavior [ RunTime:0.000033s ]
INFO: [ app_init ] --END-- [ RunTime:0.001018s ]
INFO: [ app_begin ] --START--
INFO: Run Behavior\ReadHtmlCacheBehavior [ RunTime:0.001607s ]
INFO: [ app_begin ] --END-- [ RunTime:0.001798s ]
ERR: 无法加载控制器:Logout

[ 2016-01-10T17:56:50+08:00 ] ::1 /User/Api/login?password=sxcuic&email=sxcuican@163.com
INFO: [ app_init ] --START--
INFO: Run Behavior\BuildLiteBehavior [ RunTime:0.000020s ]
INFO: [ app_init ] --END-- [ RunTime:0.000466s ]
INFO: [ app_begin ] --START--
INFO: Run Behavior\ReadHtmlCacheBehavior [ RunTime:0.000608s ]
INFO: [ app_begin ] --END-- [ RunTime:0.000687s ]
SQL: SHOW COLUMNS FROM `user_salt` [ RunTime:0.0015s ]
SQL: SELECT md5(random) FROM `user_salt` WHERE ( userid=3 )  [ RunTime:0.0026s ]
NOTIC: [8] Undefined index: admin /Users/smilec/Code/PHP/schoolmate/ThinkPHP/Library/Org/Util/Rbac.class.php 第 88 行.
SQL: select node.id,node.name from think_role as role,think_role_user as user,think_access as access ,think_node as node where user.user_id='3' and user.role_id=role.id and ( access.role_id=role.id  or (access.role_id=role.pid and role.pid!=0 ) ) and role.status=1 and access.node_id=node.id and node.level=1 and node.status=1 [ RunTime:0.0013s ]
INFO: [ app_end ] --START--
INFO: Run Behavior\ShowPageTraceBehavior [ RunTime:0.001191s ]
INFO: [ app_end ] --END-- [ RunTime:0.001280s ]

[ 2016-01-10T17:56:55+08:00 ] ::1 /User/Api
INFO: [ app_init ] --START--
INFO: Run Behavior\BuildLiteBehavior [ RunTime:0.000017s ]
INFO: [ app_init ] --END-- [ RunTime:0.000545s ]
INFO: [ app_begin ] --START--
INFO: Run Behavior\ReadHtmlCacheBehavior [ RunTime:0.000498s ]
INFO: [ app_begin ] --END-- [ RunTime:0.000556s ]
INFO: [ app_end ] --START--
INFO: Run Behavior\ShowPageTraceBehavior [ RunTime:0.000488s ]
INFO: [ app_end ] --END-- [ RunTime:0.000545s ]

[ 2016-01-10T17:56:56+08:00 ] ::1 /User/Api/login?password=sxcuic&email=sxcuican@163.com
INFO: [ app_init ] --START--
INFO: Run Behavior\BuildLiteBehavior [ RunTime:0.000015s ]
INFO: [ app_init ] --END-- [ RunTime:0.000348s ]
INFO: [ app_begin ] --START--
INFO: Run Behavior\ReadHtmlCacheBehavior [ RunTime:0.000460s ]
INFO: [ app_begin ] --END-- [ RunTime:0.000530s ]
INFO: [ app_end ] --START--
INFO: Run Behavior\ShowPageTraceBehavior [ RunTime:0.000868s ]
INFO: [ app_end ] --END-- [ RunTime:0.001009s ]

[ 2016-01-10T17:56:59+08:00 ] ::1 /User/Api/register?username=smilec&password=sxcuic&email=sxcuican@163.com
INFO: [ app_init ] --START--
INFO: Run Behavior\BuildLiteBehavior [ RunTime:0.000018s ]
INFO: [ app_init ] --END-- [ RunTime:0.000608s ]
INFO: [ app_begin ] --START--
INFO: Run Behavior\ReadHtmlCacheBehavior [ RunTime:0.000852s ]
INFO: [ app_begin ] --END-- [ RunTime:0.000931s ]
SQL: SHOW COLUMNS FROM `user` [ RunTime:0.0017s ]
SQL: SELECT * FROM `user` WHERE ( username="smilec" OR email="sxcuican@163.com" ) LIMIT 1   [ RunTime:0.0016s ]
INFO: [ app_end ] --START--
INFO: Run Behavior\ShowPageTraceBehavior [ RunTime:0.000644s ]
INFO: [ app_end ] --END-- [ RunTime:0.000717s ]

[ 2016-01-10T17:57:49+08:00 ] ::1 /User/Api/register?username=smilec&password=sxcuic&email=sxcuican@163.com
INFO: [ app_init ] --START--
INFO: Run Behavior\BuildLiteBehavior [ RunTime:0.000026s ]
INFO: [ app_init ] --END-- [ RunTime:0.000412s ]
INFO: [ app_begin ] --START--
INFO: Run Behavior\ReadHtmlCacheBehavior [ RunTime:0.000483s ]
INFO: [ app_begin ] --END-- [ RunTime:0.000547s ]
SQL: SHOW COLUMNS FROM `user` [ RunTime:0.0020s ]
SQL: SELECT * FROM `user` WHERE ( username="smilec" OR email="sxcuican@163.com" ) LIMIT 1   [ RunTime:0.0004s ]
NOTIC: [8] Undefined index: validate /Users/smilec/Code/PHP/schoolmate/ThinkPHP/Library/Think/Model.class.php 第 1185 行.
NOTIC: [8] Undefined index: auto /Users/smilec/Code/PHP/schoolmate/ThinkPHP/Library/Think/Model.class.php 第 1128 行.
SQL: INSERT INTO `user` (`username`,`email`) VALUES ('smilec','sxcuican@163.com') [ RunTime:0.0030s ]
SQL: SHOW COLUMNS FROM `user_salt` [ RunTime:0.0016s ]
SQL: INSERT INTO `user_salt` (`random`,`type`) VALUES ('1323230189','0') [ RunTime:0.0009s ]
SQL: UPDATE `user` SET `password`='177df4f89c0527063fee148480d1b348' WHERE ( id=1 ) [ RunTime:0.0016s ]
INFO: [ app_end ] --START--
INFO: Run Behavior\ShowPageTraceBehavior [ RunTime:0.001014s ]
INFO: [ app_end ] --END-- [ RunTime:0.001130s ]

[ 2016-01-10T18:02:37+08:00 ] ::1 /User/Api/register?username=smilec&password=sxcuic&email=sxcuican@163.com
INFO: [ app_init ] --START--
INFO: Run Behavior\BuildLiteBehavior [ RunTime:0.000021s ]
INFO: [ app_init ] --END-- [ RunTime:0.000484s ]
INFO: [ app_begin ] --START--
INFO: Run Behavior\ReadHtmlCacheBehavior [ RunTime:0.000493s ]
INFO: [ app_begin ] --END-- [ RunTime:0.000559s ]
SQL: SHOW COLUMNS FROM `user` [ RunTime:0.0189s ]
SQL: SELECT * FROM `user` WHERE ( username="smilec" OR email="sxcuican@163.com" ) LIMIT 1   [ RunTime:0.0005s ]
NOTIC: [8] Undefined index: validate /Users/smilec/Code/PHP/schoolmate/ThinkPHP/Library/Think/Model.class.php 第 1185 行.
NOTIC: [8] Undefined index: auto /Users/smilec/Code/PHP/schoolmate/ThinkPHP/Library/Think/Model.class.php 第 1128 行.
SQL: INSERT INTO `user` (`username`,`email`,`userstatus`) VALUES ('smilec','sxcuican@163.com','1') [ RunTime:0.0008s ]
SQL: SHOW COLUMNS FROM `user_salt` [ RunTime:0.0020s ]
SQL: INSERT INTO `user_salt` (`random`,`type`) VALUES ('1290624363','0') [ RunTime:0.0006s ]
SQL: UPDATE `user` SET `password`='6e4085aa21570de9c1121537901abf6a' WHERE ( id=2 ) [ RunTime:0.0007s ]
INFO: [ app_end ] --START--
INFO: Run Behavior\ShowPageTraceBehavior [ RunTime:0.001094s ]
INFO: [ app_end ] --END-- [ RunTime:0.001215s ]

[ 2016-01-10T18:07:56+08:00 ] ::1 /User/Api/register?username=smilec&password=sxcuic&email=sxcuican@163.com
INFO: [ app_init ] --START--
INFO: Run Behavior\BuildLiteBehavior [ RunTime:0.000017s ]
INFO: [ app_init ] --END-- [ RunTime:0.000370s ]
INFO: [ app_begin ] --START--
INFO: Run Behavior\ReadHtmlCacheBehavior [ RunTime:0.000579s ]
INFO: [ app_begin ] --END-- [ RunTime:0.000647s ]
SQL: SHOW COLUMNS FROM `user` [ RunTime:0.0017s ]
SQL: SELECT * FROM `user` WHERE ( username="smilec" OR email="sxcuican@163.com" ) LIMIT 1   [ RunTime:0.0004s ]
NOTIC: [8] Undefined index: validate /Users/smilec/Code/PHP/schoolmate/ThinkPHP/Library/Think/Model.class.php 第 1185 行.
NOTIC: [8] Undefined index: auto /Users/smilec/Code/PHP/schoolmate/ThinkPHP/Library/Think/Model.class.php 第 1128 行.
SQL: INSERT INTO `user` (`username`,`email`,`userstatus`) VALUES ('smilec','sxcuican@163.com','1') [ RunTime:0.0007s ]
DEBUG: 3
SQL: SHOW COLUMNS FROM `user_salt` [ RunTime:0.0019s ]
SQL: INSERT INTO `user_salt` (`random`,`type`) VALUES ('832927390','0') [ RunTime:0.0005s ]
SQL: UPDATE `user` SET `password`='0500f179e20de09b92f6b01b1187012b' WHERE ( id=3 ) [ RunTime:0.0006s ]
INFO: [ app_end ] --START--
INFO: Run Behavior\ShowPageTraceBehavior [ RunTime:0.000586s ]
INFO: [ app_end ] --END-- [ RunTime:0.000649s ]

[ 2016-01-10T18:10:46+08:00 ] ::1 /User/Api/register?username=smilec&password=sxcuic&email=sxcuican@163.com
INFO: [ app_init ] --START--
INFO: Run Behavior\BuildLiteBehavior [ RunTime:0.000018s ]
INFO: [ app_init ] --END-- [ RunTime:0.000432s ]
INFO: [ app_begin ] --START--
INFO: Run Behavior\ReadHtmlCacheBehavior [ RunTime:0.000878s ]
INFO: [ app_begin ] --END-- [ RunTime:0.000982s ]
SQL: SHOW COLUMNS FROM `user` [ RunTime:0.0016s ]
SQL: SELECT * FROM `user` WHERE ( username="smilec" OR email="sxcuican@163.com" ) LIMIT 1   [ RunTime:0.0004s ]
NOTIC: [8] Undefined index: validate /Users/smilec/Code/PHP/schoolmate/ThinkPHP/Library/Think/Model.class.php 第 1185 行.
NOTIC: [8] Undefined index: auto /Users/smilec/Code/PHP/schoolmate/ThinkPHP/Library/Think/Model.class.php 第 1128 行.
SQL: INSERT INTO `user` (`username`,`email`,`userstatus`) VALUES ('smilec','sxcuican@163.com','1') [ RunTime:0.0006s ]
DEBUG: 4
SQL: SHOW COLUMNS FROM `user_salt` [ RunTime:0.0014s ]
SQL: INSERT INTO `user_salt` (`random`,`user_id`,`type`) VALUES ('596323609','4','0') [ RunTime:0.0006s ]
SQL: UPDATE `user` SET `password`='80c6af665ac7119d35d050e425e3eca9' WHERE ( id=4 ) [ RunTime:0.0005s ]
INFO: [ app_end ] --START--
INFO: Run Behavior\ShowPageTraceBehavior [ RunTime:0.000956s ]
INFO: [ app_end ] --END-- [ RunTime:0.001081s ]

