[ 2015-12-15T20:16:18+08:00 ] ::1 /
INFO: [ app_init ] --START--
INFO: Run Behavior\BuildLiteBehavior [ RunTime:0.000017s ]
INFO: [ app_init ] --END-- [ RunTime:0.000484s ]
INFO: [ app_begin ] --START--
INFO: Run Behavior\ReadHtmlCacheBehavior [ RunTime:0.001260s ]
INFO: [ app_begin ] --END-- [ RunTime:0.001372s ]
ERR: 1146:Table 'test.test_hello' doesn't exist
 [ SQL语句 ] : SHOW COLUMNS FROM `test_hello`
ERR: 1146:Table 'test.test_hello' doesn't exist
 [ SQL语句 ] : SHOW COLUMNS FROM `test_hello`

[ 2015-12-15T20:16:20+08:00 ] ::1 /
INFO: [ app_init ] --START--
INFO: Run Behavior\BuildLiteBehavior [ RunTime:0.000019s ]
INFO: [ app_init ] --END-- [ RunTime:0.000407s ]
INFO: [ app_begin ] --START--
INFO: Run Behavior\ReadHtmlCacheBehavior [ RunTime:0.000511s ]
INFO: [ app_begin ] --END-- [ RunTime:0.000580s ]
ERR: 1146:Table 'test.test_hello' doesn't exist
 [ SQL语句 ] : SHOW COLUMNS FROM `test_hello`
ERR: 1146:Table 'test.test_hello' doesn't exist
 [ SQL语句 ] : SHOW COLUMNS FROM `test_hello`

[ 2015-12-15T20:16:21+08:00 ] ::1 /Home/Activity/detail?id=3
INFO: [ app_init ] --START--
INFO: Run Behavior\BuildLiteBehavior [ RunTime:0.000014s ]
INFO: [ app_init ] --END-- [ RunTime:0.000352s ]
INFO: [ app_begin ] --START--
INFO: Run Behavior\ReadHtmlCacheBehavior [ RunTime:0.000463s ]
INFO: [ app_begin ] --END-- [ RunTime:0.000526s ]
ERR: 无法加载控制器:Activity

[ 2015-12-15T20:16:22+08:00 ] ::1 /
INFO: [ app_init ] --START--
INFO: Run Behavior\BuildLiteBehavior [ RunTime:0.000015s ]
INFO: [ app_init ] --END-- [ RunTime:0.000348s ]
INFO: [ app_begin ] --START--
INFO: Run Behavior\ReadHtmlCacheBehavior [ RunTime:0.000462s ]
INFO: [ app_begin ] --END-- [ RunTime:0.000523s ]
ERR: 1146:Table 'test.test_hello' doesn't exist
 [ SQL语句 ] : SHOW COLUMNS FROM `test_hello`
ERR: 1146:Table 'test.test_hello' doesn't exist
 [ SQL语句 ] : SHOW COLUMNS FROM `test_hello`

[ 2015-12-15T20:17:56+08:00 ] ::1 /
INFO: [ app_init ] --START--
INFO: Run Behavior\BuildLiteBehavior [ RunTime:0.000021s ]
INFO: [ app_init ] --END-- [ RunTime:0.000474s ]
INFO: [ app_begin ] --START--
INFO: Run Behavior\ReadHtmlCacheBehavior [ RunTime:0.000524s ]
INFO: [ app_begin ] --END-- [ RunTime:0.000589s ]
ERR: 1146:Table 'test.test_hello' doesn't exist
 [ SQL语句 ] : SHOW COLUMNS FROM `test_hello`
ERR: 1146:Table 'test.test_hello' doesn't exist
 [ SQL语句 ] : SHOW COLUMNS FROM `test_hello`

[ 2015-12-15T20:52:21+08:00 ] ::1 /
INFO: [ app_init ] --START--
INFO: Run Behavior\BuildLiteBehavior [ RunTime:0.000045s ]
INFO: [ app_init ] --END-- [ RunTime:0.000675s ]
INFO: [ app_begin ] --START--
INFO: Run Behavior\ReadHtmlCacheBehavior [ RunTime:0.000597s ]
INFO: [ app_begin ] --END-- [ RunTime:0.000672s ]
ERR: 1146:Table 'test.test_hello' doesn't exist
 [ SQL语句 ] : SHOW COLUMNS FROM `test_hello`
ERR: 1146:Table 'test.test_hello' doesn't exist
 [ SQL语句 ] : SHOW COLUMNS FROM `test_hello`

