[ 2015-12-11T15:54:00+08:00 ] ::1 /
INFO: [ app_init ] --START--
INFO: Run Behavior\BuildLiteBehavior [ RunTime:0.000049s ]
INFO: [ app_init ] --END-- [ RunTime:0.002839s ]
INFO: [ app_begin ] --START--
INFO: Run Behavior\ReadHtmlCacheBehavior [ RunTime:0.001154s ]
INFO: [ app_begin ] --END-- [ RunTime:0.001256s ]
SQL: SHOW COLUMNS FROM `test_hello` [ RunTime:0.0110s ]
SQL: SELECT * FROM `test_hello`  [ RunTime:0.0058s ]
INFO: [ view_parse ] --START--
INFO: [ template_filter ] --START--
INFO: Run Behavior\ContentReplaceBehavior [ RunTime:0.000477s ]
INFO: [ template_filter ] --END-- [ RunTime:0.000578s ]
INFO: Run Behavior\ParseTemplateBehavior [ RunTime:0.017632s ]
INFO: [ view_parse ] --END-- [ RunTime:0.017723s ]
INFO: [ view_filter ] --START--
INFO: Run Behavior\WriteHtmlCacheBehavior [ RunTime:0.000546s ]
INFO: [ view_filter ] --END-- [ RunTime:0.000622s ]
INFO: [ app_end ] --START--
INFO: Run Behavior\ShowPageTraceBehavior [ RunTime:0.001117s ]
INFO: [ app_end ] --END-- [ RunTime:0.001204s ]

