[ 2015-12-18T08:40:58+08:00 ] ::1 /
INFO: [ app_init ] --START--
INFO: Run Behavior\BuildLiteBehavior [ RunTime:0.000048s ]
INFO: [ app_init ] --END-- [ RunTime:0.002224s ]
INFO: [ app_begin ] --START--
INFO: Run Behavior\ReadHtmlCacheBehavior [ RunTime:0.001205s ]
INFO: [ app_begin ] --END-- [ RunTime:0.001364s ]
ERR: 1146:Table 'test.test_hello' doesn't exist
 [ SQL语句 ] : SHOW COLUMNS FROM `test_hello`
ERR: 1146:Table 'test.test_hello' doesn't exist
 [ SQL语句 ] : SHOW COLUMNS FROM `test_hello`

[ 2015-12-18T08:41:16+08:00 ] ::1 /
INFO: [ app_init ] --START--
INFO: Run Behavior\BuildLiteBehavior [ RunTime:0.000043s ]
INFO: [ app_init ] --END-- [ RunTime:0.000532s ]
INFO: [ app_begin ] --START--
INFO: Run Behavior\ReadHtmlCacheBehavior [ RunTime:0.000715s ]
INFO: [ app_begin ] --END-- [ RunTime:0.000806s ]
ERR: 1146:Table 'test.test_hello' doesn't exist
 [ SQL语句 ] : SHOW COLUMNS FROM `test_hello`
ERR: 1146:Table 'test.test_hello' doesn't exist
 [ SQL语句 ] : SHOW COLUMNS FROM `test_hello`

[ 2015-12-18T08:41:17+08:00 ] ::1 /
INFO: [ app_init ] --START--
INFO: Run Behavior\BuildLiteBehavior [ RunTime:0.000021s ]
INFO: [ app_init ] --END-- [ RunTime:0.000415s ]
INFO: [ app_begin ] --START--
INFO: Run Behavior\ReadHtmlCacheBehavior [ RunTime:0.000629s ]
INFO: [ app_begin ] --END-- [ RunTime:0.000770s ]
ERR: 1146:Table 'test.test_hello' doesn't exist
 [ SQL语句 ] : SHOW COLUMNS FROM `test_hello`
ERR: 1146:Table 'test.test_hello' doesn't exist
 [ SQL语句 ] : SHOW COLUMNS FROM `test_hello`

[ 2015-12-18T08:43:03+08:00 ] ::1 /
INFO: [ app_init ] --START--
INFO: Run Behavior\BuildLiteBehavior [ RunTime:0.000030s ]
INFO: [ app_init ] --END-- [ RunTime:0.000535s ]
INFO: [ app_begin ] --START--
INFO: Run Behavior\ReadHtmlCacheBehavior [ RunTime:0.000628s ]
INFO: [ app_begin ] --END-- [ RunTime:0.000715s ]
ERR: 1146:Table 'test.test_hello' doesn't exist
 [ SQL语句 ] : SHOW COLUMNS FROM `test_hello`
ERR: 1146:Table 'test.test_hello' doesn't exist
 [ SQL语句 ] : SHOW COLUMNS FROM `test_hello`

[ 2015-12-18T08:43:05+08:00 ] ::1 /
INFO: [ app_init ] --START--
INFO: Run Behavior\BuildLiteBehavior [ RunTime:0.000017s ]
INFO: [ app_init ] --END-- [ RunTime:0.000446s ]
INFO: [ app_begin ] --START--
INFO: Run Behavior\ReadHtmlCacheBehavior [ RunTime:0.000496s ]
INFO: [ app_begin ] --END-- [ RunTime:0.000556s ]
ERR: 1146:Table 'test.test_hello' doesn't exist
 [ SQL语句 ] : SHOW COLUMNS FROM `test_hello`
ERR: 1146:Table 'test.test_hello' doesn't exist
 [ SQL语句 ] : SHOW COLUMNS FROM `test_hello`

[ 2015-12-18T08:44:25+08:00 ] ::1 /
INFO: [ app_init ] --START--
INFO: Run Behavior\BuildLiteBehavior [ RunTime:0.000017s ]
INFO: [ app_init ] --END-- [ RunTime:0.000433s ]
INFO: [ app_begin ] --START--
INFO: Run Behavior\ReadHtmlCacheBehavior [ RunTime:0.000481s ]
INFO: [ app_begin ] --END-- [ RunTime:0.000542s ]
ERR: 1146:Table 'test.test_hello' doesn't exist
 [ SQL语句 ] : SHOW COLUMNS FROM `test_hello`
ERR: 1146:Table 'test.test_hello' doesn't exist
 [ SQL语句 ] : SHOW COLUMNS FROM `test_hello`

